<?xml version="1.0" encoding="UTF-8"?>
<!-- Generated by org.testng.reporters.JUnitReportReporter -->
<testsuite hostname="USHYDMMEDAVARA3" name="aut.sample.Demo_999.AppTest" tests="1" failures="0" timestamp="21 Mar 2018 13:42:03 GMT" time="6.792" errors="0">
  <testcase name="test" time="6.792" classname="aut.sample.Demo_999.AppTest"/>
</testsuite> <!-- aut.sample.Demo_999.AppTest -->
